<?xml version="1.0" encoding="UTF-8"?>
<!-- Generated by org.testng.reporters.JUnitXMLReporter -->
<testsuite hostname="ABHISHEK" ignored="0" name="TestRun-2" tests="2" failures="0" timestamp="26 Jan 2022 07:14:41 GMT" time="50.035" errors="0">
  <testcase name="CreateContactTest" time="11.986" classname="com.crm.comcast.ContactTest.CreateContactWithOrgTestNGTest"/>
  <testcase name="CreateContactwithOrgTest" time="23.916" classname="com.crm.comcast.ContactTest.CreateContactWithOrgTestNGTest"/>
</testsuite> <!-- TestRun-2 -->
