<?xml version="1.0" encoding="UTF-8"?>
<!-- Generated by org.testng.reporters.JUnitXMLReporter -->
<testsuite hostname="ABHISHEK" ignored="0" name="TestRun-1" tests="2" failures="0" timestamp="26 Jan 2022 07:14:32 GMT" time="41.195" errors="0">
  <testcase name="CreateOrgWithIndustryTypeTest1" time="12.672" classname="com.crm.concast.orgTest.CreateOrgWithIndustryTypeTest"/>
  <testcase name="createOrgWithIndutriesTest" time="13.505" classname="com.crm.concast.orgTest.CreateOrgWithIndustryTypeTest"/>
</testsuite> <!-- TestRun-1 -->
