<?xml version="1.0" encoding="UTF-8"?>
<!-- Generated by org.testng.reporters.JUnitXMLReporter -->
<testsuite hostname="ABHISHEK" ignored="0" name="Test" tests="2" failures="0" timestamp="21 Jan 2022 07:24:25 GMT" time="74.228" errors="0">
  <testcase name="CreateOrgTest" time="30.262" classname="com.crm.concast.orgTest.CreateOrgWithIndustNameTestNGTest"/>
  <testcase name="createOrgWithIndutriesTest" time="16.51" classname="com.crm.concast.orgTest.CreateOrgWithIndustNameTestNGTest"/>
</testsuite> <!-- Test -->
