<?xml version="1.0" encoding="UTF-8"?>
<!-- Generated by org.testng.reporters.JUnitXMLReporter -->
<testsuite hostname="ABHISHEK" ignored="4" name="Test" tests="2" failures="0" timestamp="26 Jan 2022 07:04:52 GMT" time="64.781" errors="0">
  <testcase name="CreateOrgTest" time="25.984" classname="com.crm.concast.orgTest.CreateOrgWithIndustNameTestNGTest"/>
  <testcase name="CreateContactTest" time="11.805" classname="com.crm.comcast.ContactTest.CreateContactWithOrgTestNGTest"/>
  <testcase name="@AfterSuite configAS" time="0.0" classname="GenericUtilities.BaseClass">
    <ignored/>
  </testcase> <!-- @AfterSuite configAS -->
  <testcase name="createOrgWithIndutriesTest" time="0.0" classname="com.crm.concast.orgTest.CreateOrgWithIndustNameTestNGTest">
    <ignored/>
  </testcase> <!-- createOrgWithIndutriesTest -->
  <testcase name="CreateContactwithOrgTest" time="0.0" classname="com.crm.comcast.ContactTest.CreateContactWithOrgTestNGTest">
    <ignored/>
  </testcase> <!-- CreateContactwithOrgTest -->
  <testcase name="@BeforeSuite configBS" time="0.0" classname="GenericUtilities.BaseClass">
    <ignored/>
  </testcase> <!-- @BeforeSuite configBS -->
</testsuite> <!-- Test -->
