<?xml version="1.0" encoding="UTF-8"?>
<!-- Generated by org.testng.reporters.JUnitXMLReporter -->
<testsuite hostname="ABHISHEK" ignored="4" name="Test" tests="2" failures="0" timestamp="26 Jan 2022 07:10:22 GMT" time="52.928" errors="0">
  <testcase name="createOrgWithIndutriesTest" time="12.411" classname="com.crm.concast.orgTest.CreateOrgWithIndustNameTestNGTest"/>
  <testcase name="CreateContactwithOrgTest" time="24.365" classname="com.crm.comcast.ContactTest.CreateContactWithOrgTestNGTest"/>
  <testcase name="@AfterSuite configAS" time="0.0" classname="GenericUtilities.BaseClass">
    <ignored/>
  </testcase> <!-- @AfterSuite configAS -->
  <testcase name="CreateContactTest" time="0.0" classname="com.crm.comcast.ContactTest.CreateContactWithOrgTestNGTest">
    <ignored/>
  </testcase> <!-- CreateContactTest -->
  <testcase name="@BeforeSuite configBS" time="0.0" classname="GenericUtilities.BaseClass">
    <ignored/>
  </testcase> <!-- @BeforeSuite configBS -->
  <testcase name="CreateOrgTest" time="0.0" classname="com.crm.concast.orgTest.CreateOrgWithIndustNameTestNGTest">
    <ignored/>
  </testcase> <!-- CreateOrgTest -->
</testsuite> <!-- Test -->
